<?xml version="1.0" encoding="UTF-8"?>
<testsuite xmlns:xsi="http://www.w3.org/2001/XMLSchema-instance" xsi:noNamespaceSchemaLocation="https://maven.apache.org/surefire/maven-surefire-plugin/xsd/surefire-test-report.xsd" name="com.ldf.demo.DemoApplicationTests" time="6.935" tests="1" errors="0" skipped="0" failures="0">
  <properties>
    <property name="sun.desktop" value="windows"/>
    <property name="awt.toolkit" value="sun.awt.windows.WToolkit"/>
    <property name="file.encoding.pkg" value="sun.io"/>
    <property name="java.specification.version" value="1.8"/>
    <property name="sun.cpu.isalist" value="amd64"/>
    <property name="sun.jnu.encoding" value="GBK"/>
    <property name="java.class.path" value="D:\课程文件\软件工程\OurBlog\target\test-classes;D:\课程文件\软件工程\OurBlog\target\classes;D:\Repository\org\springframework\boot\spring-boot-starter-thymeleaf\2.3.4.RELEASE\spring-boot-starter-thymeleaf-2.3.4.RELEASE.jar;D:\Repository\org\springframework\boot\spring-boot-starter\2.3.4.RELEASE\spring-boot-starter-2.3.4.RELEASE.jar;D:\Repository\org\springframework\boot\spring-boot-starter-logging\2.3.4.RELEASE\spring-boot-starter-logging-2.3.4.RELEASE.jar;D:\Repository\ch\qos\logback\logback-classic\1.2.3\logback-classic-1.2.3.jar;D:\Repository\ch\qos\logback\logback-core\1.2.3\logback-core-1.2.3.jar;D:\Repository\org\apache\logging\log4j\log4j-to-slf4j\2.13.3\log4j-to-slf4j-2.13.3.jar;D:\Repository\org\apache\logging\log4j\log4j-api\2.13.3\log4j-api-2.13.3.jar;D:\Repository\org\slf4j\jul-to-slf4j\1.7.30\jul-to-slf4j-1.7.30.jar;D:\Repository\jakarta\annotation\jakarta.annotation-api\1.3.5\jakarta.annotation-api-1.3.5.jar;D:\Repository\org\yaml\snakeyaml\1.26\snakeyaml-1.26.jar;D:\Repository\org\thymeleaf\thymeleaf-spring5\3.0.11.RELEASE\thymeleaf-spring5-3.0.11.RELEASE.jar;D:\Repository\org\thymeleaf\thymeleaf\3.0.11.RELEASE\thymeleaf-3.0.11.RELEASE.jar;D:\Repository\org\attoparser\attoparser\2.0.5.RELEASE\attoparser-2.0.5.RELEASE.jar;D:\Repository\org\unbescape\unbescape\1.1.6.RELEASE\unbescape-1.1.6.RELEASE.jar;D:\Repository\org\slf4j\slf4j-api\1.7.30\slf4j-api-1.7.30.jar;D:\Repository\org\thymeleaf\extras\thymeleaf-extras-java8time\3.0.4.RELEASE\thymeleaf-extras-java8time-3.0.4.RELEASE.jar;D:\Repository\org\springframework\boot\spring-boot-starter-aop\2.3.4.RELEASE\spring-boot-starter-aop-2.3.4.RELEASE.jar;D:\Repository\org\springframework\spring-aop\5.2.9.RELEASE\spring-aop-5.2.9.RELEASE.jar;D:\Repository\org\springframework\spring-beans\5.2.9.RELEASE\spring-beans-5.2.9.RELEASE.jar;D:\Repository\org\aspectj\aspectjweaver\1.9.6\aspectjweaver-1.9.6.jar;D:\Repository\org\springframework\boot\spring-boot-starter-web\2.3.4.RELEASE\spring-boot-starter-web-2.3.4.RELEASE.jar;D:\Repository\org\springframework\boot\spring-boot-starter-json\2.3.4.RELEASE\spring-boot-starter-json-2.3.4.RELEASE.jar;D:\Repository\com\fasterxml\jackson\core\jackson-databind\2.11.2\jackson-databind-2.11.2.jar;D:\Repository\com\fasterxml\jackson\core\jackson-annotations\2.11.2\jackson-annotations-2.11.2.jar;D:\Repository\com\fasterxml\jackson\core\jackson-core\2.11.2\jackson-core-2.11.2.jar;D:\Repository\com\fasterxml\jackson\datatype\jackson-datatype-jdk8\2.11.2\jackson-datatype-jdk8-2.11.2.jar;D:\Repository\com\fasterxml\jackson\datatype\jackson-datatype-jsr310\2.11.2\jackson-datatype-jsr310-2.11.2.jar;D:\Repository\com\fasterxml\jackson\module\jackson-module-parameter-names\2.11.2\jackson-module-parameter-names-2.11.2.jar;D:\Repository\org\springframework\boot\spring-boot-starter-tomcat\2.3.4.RELEASE\spring-boot-starter-tomcat-2.3.4.RELEASE.jar;D:\Repository\org\apache\tomcat\embed\tomcat-embed-core\9.0.38\tomcat-embed-core-9.0.38.jar;D:\Repository\org\apache\tomcat\embed\tomcat-embed-websocket\9.0.38\tomcat-embed-websocket-9.0.38.jar;D:\Repository\org\springframework\spring-web\5.2.9.RELEASE\spring-web-5.2.9.RELEASE.jar;D:\Repository\org\springframework\spring-webmvc\5.2.9.RELEASE\spring-webmvc-5.2.9.RELEASE.jar;D:\Repository\org\springframework\spring-context\5.2.9.RELEASE\spring-context-5.2.9.RELEASE.jar;D:\Repository\org\springframework\spring-expression\5.2.9.RELEASE\spring-expression-5.2.9.RELEASE.jar;D:\Repository\org\mybatis\spring\boot\mybatis-spring-boot-starter\2.1.2\mybatis-spring-boot-starter-2.1.2.jar;D:\Repository\org\springframework\boot\spring-boot-starter-jdbc\2.3.4.RELEASE\spring-boot-starter-jdbc-2.3.4.RELEASE.jar;D:\Repository\com\zaxxer\HikariCP\3.4.5\HikariCP-3.4.5.jar;D:\Repository\org\springframework\spring-jdbc\5.2.9.RELEASE\spring-jdbc-5.2.9.RELEASE.jar;D:\Repository\org\springframework\spring-tx\5.2.9.RELEASE\spring-tx-5.2.9.RELEASE.jar;D:\Repository\org\mybatis\spring\boot\mybatis-spring-boot-autoconfigure\2.1.2\mybatis-spring-boot-autoconfigure-2.1.2.jar;D:\Repository\org\mybatis\mybatis\3.5.4\mybatis-3.5.4.jar;D:\Repository\org\mybatis\mybatis-spring\2.0.4\mybatis-spring-2.0.4.jar;D:\Repository\org\springframework\boot\spring-boot-devtools\2.3.4.RELEASE\spring-boot-devtools-2.3.4.RELEASE.jar;D:\Repository\org\springframework\boot\spring-boot\2.3.4.RELEASE\spring-boot-2.3.4.RELEASE.jar;D:\Repository\org\springframework\boot\spring-boot-autoconfigure\2.3.4.RELEASE\spring-boot-autoconfigure-2.3.4.RELEASE.jar;D:\Repository\mysql\mysql-connector-java\8.0.21\mysql-connector-java-8.0.21.jar;D:\Repository\org\springframework\boot\spring-boot-starter-test\2.3.4.RELEASE\spring-boot-starter-test-2.3.4.RELEASE.jar;D:\Repository\org\springframework\boot\spring-boot-test\2.3.4.RELEASE\spring-boot-test-2.3.4.RELEASE.jar;D:\Repository\org\springframework\boot\spring-boot-test-autoconfigure\2.3.4.RELEASE\spring-boot-test-autoconfigure-2.3.4.RELEASE.jar;D:\Repository\com\jayway\jsonpath\json-path\2.4.0\json-path-2.4.0.jar;D:\Repository\net\minidev\json-smart\2.3\json-smart-2.3.jar;D:\Repository\net\minidev\accessors-smart\1.2\accessors-smart-1.2.jar;D:\Repository\org\ow2\asm\asm\5.0.4\asm-5.0.4.jar;D:\Repository\jakarta\xml\bind\jakarta.xml.bind-api\2.3.3\jakarta.xml.bind-api-2.3.3.jar;D:\Repository\jakarta\activation\jakarta.activation-api\1.2.2\jakarta.activation-api-1.2.2.jar;D:\Repository\org\assertj\assertj-core\3.16.1\assertj-core-3.16.1.jar;D:\Repository\org\hamcrest\hamcrest\2.2\hamcrest-2.2.jar;D:\Repository\org\junit\jupiter\junit-jupiter\5.6.2\junit-jupiter-5.6.2.jar;D:\Repository\org\junit\jupiter\junit-jupiter-api\5.6.2\junit-jupiter-api-5.6.2.jar;D:\Repository\org\apiguardian\apiguardian-api\1.1.0\apiguardian-api-1.1.0.jar;D:\Repository\org\opentest4j\opentest4j\1.2.0\opentest4j-1.2.0.jar;D:\Repository\org\junit\platform\junit-platform-commons\1.6.2\junit-platform-commons-1.6.2.jar;D:\Repository\org\junit\jupiter\junit-jupiter-params\5.6.2\junit-jupiter-params-5.6.2.jar;D:\Repository\org\junit\jupiter\junit-jupiter-engine\5.6.2\junit-jupiter-engine-5.6.2.jar;D:\Repository\org\junit\platform\junit-platform-engine\1.6.2\junit-platform-engine-1.6.2.jar;D:\Repository\org\mockito\mockito-core\3.3.3\mockito-core-3.3.3.jar;D:\Repository\net\bytebuddy\byte-buddy\1.10.14\byte-buddy-1.10.14.jar;D:\Repository\net\bytebuddy\byte-buddy-agent\1.10.14\byte-buddy-agent-1.10.14.jar;D:\Repository\org\objenesis\objenesis\2.6\objenesis-2.6.jar;D:\Repository\org\mockito\mockito-junit-jupiter\3.3.3\mockito-junit-jupiter-3.3.3.jar;D:\Repository\org\skyscreamer\jsonassert\1.5.0\jsonassert-1.5.0.jar;D:\Repository\com\vaadin\external\google\android-json\0.0.20131108.vaadin1\android-json-0.0.20131108.vaadin1.jar;D:\Repository\org\springframework\spring-core\5.2.9.RELEASE\spring-core-5.2.9.RELEASE.jar;D:\Repository\org\springframework\spring-jcl\5.2.9.RELEASE\spring-jcl-5.2.9.RELEASE.jar;D:\Repository\org\springframework\spring-test\5.2.9.RELEASE\spring-test-5.2.9.RELEASE.jar;D:\Repository\org\xmlunit\xmlunit-core\2.7.0\xmlunit-core-2.7.0.jar;D:\Repository\com\atlassian\commonmark\commonmark\0.10.0\commonmark-0.10.0.jar;D:\Repository\com\atlassian\commonmark\commonmark-ext-heading-anchor\0.10.0\commonmark-ext-heading-anchor-0.10.0.jar;D:\Repository\com\atlassian\commonmark\commonmark-ext-gfm-tables\0.10.0\commonmark-ext-gfm-tables-0.10.0.jar;D:\Repository\com\github\pagehelper\pagehelper-spring-boot-starter\1.2.12\pagehelper-spring-boot-starter-1.2.12.jar;D:\Repository\com\github\pagehelper\pagehelper-spring-boot-autoconfigure\1.2.12\pagehelper-spring-boot-autoconfigure-1.2.12.jar;D:\Repository\com\github\pagehelper\pagehelper\5.1.10\pagehelper-5.1.10.jar;D:\Repository\com\github\jsqlparser\jsqlparser\2.0\jsqlparser-2.0.jar;D:\Repository\org\springframework\boot\spring-boot-starter-validation\2.3.4.RELEASE\spring-boot-starter-validation-2.3.4.RELEASE.jar;D:\Repository\org\glassfish\jakarta.el\3.0.3\jakarta.el-3.0.3.jar;D:\Repository\org\hibernate\validator\hibernate-validator\6.1.5.Final\hibernate-validator-6.1.5.Final.jar;D:\Repository\jakarta\validation\jakarta.validation-api\2.0.2\jakarta.validation-api-2.0.2.jar;D:\Repository\org\jboss\logging\jboss-logging\3.4.1.Final\jboss-logging-3.4.1.Final.jar;D:\Repository\com\fasterxml\classmate\1.5.1\classmate-1.5.1.jar;"/>
    <property name="java.vm.vendor" value="Amazon.com Inc."/>
    <property name="sun.arch.data.model" value="64"/>
    <property name="user.variant" value=""/>
    <property name="java.vendor.url" value="https://aws.amazon.com/corretto/"/>
    <property name="user.timezone" value="Asia/Shanghai"/>
    <property name="java.vm.specification.version" value="1.8"/>
    <property name="os.name" value="Windows 11"/>
    <property name="user.country" value="CN"/>
    <property name="sun.java.launcher" value="SUN_STANDARD"/>
    <property name="sun.boot.library.path" value="C:\Users\mi\.jdks\corretto-1.8.0_372\jre\bin"/>
    <property name="sun.java.command" value="C:\Users\mi\AppData\Local\Temp\surefire2094320616622900429\surefirebooter7482736444223675231.jar C:\Users\mi\AppData\Local\Temp\surefire2094320616622900429 2023-06-16T21-01-49_304-jvmRun1 surefire664841725920595102tmp surefire_08501110654927057158tmp"/>
    <property name="surefire.test.class.path" value="D:\课程文件\软件工程\OurBlog\target\test-classes;D:\课程文件\软件工程\OurBlog\target\classes;D:\Repository\org\springframework\boot\spring-boot-starter-thymeleaf\2.3.4.RELEASE\spring-boot-starter-thymeleaf-2.3.4.RELEASE.jar;D:\Repository\org\springframework\boot\spring-boot-starter\2.3.4.RELEASE\spring-boot-starter-2.3.4.RELEASE.jar;D:\Repository\org\springframework\boot\spring-boot-starter-logging\2.3.4.RELEASE\spring-boot-starter-logging-2.3.4.RELEASE.jar;D:\Repository\ch\qos\logback\logback-classic\1.2.3\logback-classic-1.2.3.jar;D:\Repository\ch\qos\logback\logback-core\1.2.3\logback-core-1.2.3.jar;D:\Repository\org\apache\logging\log4j\log4j-to-slf4j\2.13.3\log4j-to-slf4j-2.13.3.jar;D:\Repository\org\apache\logging\log4j\log4j-api\2.13.3\log4j-api-2.13.3.jar;D:\Repository\org\slf4j\jul-to-slf4j\1.7.30\jul-to-slf4j-1.7.30.jar;D:\Repository\jakarta\annotation\jakarta.annotation-api\1.3.5\jakarta.annotation-api-1.3.5.jar;D:\Repository\org\yaml\snakeyaml\1.26\snakeyaml-1.26.jar;D:\Repository\org\thymeleaf\thymeleaf-spring5\3.0.11.RELEASE\thymeleaf-spring5-3.0.11.RELEASE.jar;D:\Repository\org\thymeleaf\thymeleaf\3.0.11.RELEASE\thymeleaf-3.0.11.RELEASE.jar;D:\Repository\org\attoparser\attoparser\2.0.5.RELEASE\attoparser-2.0.5.RELEASE.jar;D:\Repository\org\unbescape\unbescape\1.1.6.RELEASE\unbescape-1.1.6.RELEASE.jar;D:\Repository\org\slf4j\slf4j-api\1.7.30\slf4j-api-1.7.30.jar;D:\Repository\org\thymeleaf\extras\thymeleaf-extras-java8time\3.0.4.RELEASE\thymeleaf-extras-java8time-3.0.4.RELEASE.jar;D:\Repository\org\springframework\boot\spring-boot-starter-aop\2.3.4.RELEASE\spring-boot-starter-aop-2.3.4.RELEASE.jar;D:\Repository\org\springframework\spring-aop\5.2.9.RELEASE\spring-aop-5.2.9.RELEASE.jar;D:\Repository\org\springframework\spring-beans\5.2.9.RELEASE\spring-beans-5.2.9.RELEASE.jar;D:\Repository\org\aspectj\aspectjweaver\1.9.6\aspectjweaver-1.9.6.jar;D:\Repository\org\springframework\boot\spring-boot-starter-web\2.3.4.RELEASE\spring-boot-starter-web-2.3.4.RELEASE.jar;D:\Repository\org\springframework\boot\spring-boot-starter-json\2.3.4.RELEASE\spring-boot-starter-json-2.3.4.RELEASE.jar;D:\Repository\com\fasterxml\jackson\core\jackson-databind\2.11.2\jackson-databind-2.11.2.jar;D:\Repository\com\fasterxml\jackson\core\jackson-annotations\2.11.2\jackson-annotations-2.11.2.jar;D:\Repository\com\fasterxml\jackson\core\jackson-core\2.11.2\jackson-core-2.11.2.jar;D:\Repository\com\fasterxml\jackson\datatype\jackson-datatype-jdk8\2.11.2\jackson-datatype-jdk8-2.11.2.jar;D:\Repository\com\fasterxml\jackson\datatype\jackson-datatype-jsr310\2.11.2\jackson-datatype-jsr310-2.11.2.jar;D:\Repository\com\fasterxml\jackson\module\jackson-module-parameter-names\2.11.2\jackson-module-parameter-names-2.11.2.jar;D:\Repository\org\springframework\boot\spring-boot-starter-tomcat\2.3.4.RELEASE\spring-boot-starter-tomcat-2.3.4.RELEASE.jar;D:\Repository\org\apache\tomcat\embed\tomcat-embed-core\9.0.38\tomcat-embed-core-9.0.38.jar;D:\Repository\org\apache\tomcat\embed\tomcat-embed-websocket\9.0.38\tomcat-embed-websocket-9.0.38.jar;D:\Repository\org\springframework\spring-web\5.2.9.RELEASE\spring-web-5.2.9.RELEASE.jar;D:\Repository\org\springframework\spring-webmvc\5.2.9.RELEASE\spring-webmvc-5.2.9.RELEASE.jar;D:\Repository\org\springframework\spring-context\5.2.9.RELEASE\spring-context-5.2.9.RELEASE.jar;D:\Repository\org\springframework\spring-expression\5.2.9.RELEASE\spring-expression-5.2.9.RELEASE.jar;D:\Repository\org\mybatis\spring\boot\mybatis-spring-boot-starter\2.1.2\mybatis-spring-boot-starter-2.1.2.jar;D:\Repository\org\springframework\boot\spring-boot-starter-jdbc\2.3.4.RELEASE\spring-boot-starter-jdbc-2.3.4.RELEASE.jar;D:\Repository\com\zaxxer\HikariCP\3.4.5\HikariCP-3.4.5.jar;D:\Repository\org\springframework\spring-jdbc\5.2.9.RELEASE\spring-jdbc-5.2.9.RELEASE.jar;D:\Repository\org\springframework\spring-tx\5.2.9.RELEASE\spring-tx-5.2.9.RELEASE.jar;D:\Repository\org\mybatis\spring\boot\mybatis-spring-boot-autoconfigure\2.1.2\mybatis-spring-boot-autoconfigure-2.1.2.jar;D:\Repository\org\mybatis\mybatis\3.5.4\mybatis-3.5.4.jar;D:\Repository\org\mybatis\mybatis-spring\2.0.4\mybatis-spring-2.0.4.jar;D:\Repository\org\springframework\boot\spring-boot-devtools\2.3.4.RELEASE\spring-boot-devtools-2.3.4.RELEASE.jar;D:\Repository\org\springframework\boot\spring-boot\2.3.4.RELEASE\spring-boot-2.3.4.RELEASE.jar;D:\Repository\org\springframework\boot\spring-boot-autoconfigure\2.3.4.RELEASE\spring-boot-autoconfigure-2.3.4.RELEASE.jar;D:\Repository\mysql\mysql-connector-java\8.0.21\mysql-connector-java-8.0.21.jar;D:\Repository\org\springframework\boot\spring-boot-starter-test\2.3.4.RELEASE\spring-boot-starter-test-2.3.4.RELEASE.jar;D:\Repository\org\springframework\boot\spring-boot-test\2.3.4.RELEASE\spring-boot-test-2.3.4.RELEASE.jar;D:\Repository\org\springframework\boot\spring-boot-test-autoconfigure\2.3.4.RELEASE\spring-boot-test-autoconfigure-2.3.4.RELEASE.jar;D:\Repository\com\jayway\jsonpath\json-path\2.4.0\json-path-2.4.0.jar;D:\Repository\net\minidev\json-smart\2.3\json-smart-2.3.jar;D:\Repository\net\minidev\accessors-smart\1.2\accessors-smart-1.2.jar;D:\Repository\org\ow2\asm\asm\5.0.4\asm-5.0.4.jar;D:\Repository\jakarta\xml\bind\jakarta.xml.bind-api\2.3.3\jakarta.xml.bind-api-2.3.3.jar;D:\Repository\jakarta\activation\jakarta.activation-api\1.2.2\jakarta.activation-api-1.2.2.jar;D:\Repository\org\assertj\assertj-core\3.16.1\assertj-core-3.16.1.jar;D:\Repository\org\hamcrest\hamcrest\2.2\hamcrest-2.2.jar;D:\Repository\org\junit\jupiter\junit-jupiter\5.6.2\junit-jupiter-5.6.2.jar;D:\Repository\org\junit\jupiter\junit-jupiter-api\5.6.2\junit-jupiter-api-5.6.2.jar;D:\Repository\org\apiguardian\apiguardian-api\1.1.0\apiguardian-api-1.1.0.jar;D:\Repository\org\opentest4j\opentest4j\1.2.0\opentest4j-1.2.0.jar;D:\Repository\org\junit\platform\junit-platform-commons\1.6.2\junit-platform-commons-1.6.2.jar;D:\Repository\org\junit\jupiter\junit-jupiter-params\5.6.2\junit-jupiter-params-5.6.2.jar;D:\Repository\org\junit\jupiter\junit-jupiter-engine\5.6.2\junit-jupiter-engine-5.6.2.jar;D:\Repository\org\junit\platform\junit-platform-engine\1.6.2\junit-platform-engine-1.6.2.jar;D:\Repository\org\mockito\mockito-core\3.3.3\mockito-core-3.3.3.jar;D:\Repository\net\bytebuddy\byte-buddy\1.10.14\byte-buddy-1.10.14.jar;D:\Repository\net\bytebuddy\byte-buddy-agent\1.10.14\byte-buddy-agent-1.10.14.jar;D:\Repository\org\objenesis\objenesis\2.6\objenesis-2.6.jar;D:\Repository\org\mockito\mockito-junit-jupiter\3.3.3\mockito-junit-jupiter-3.3.3.jar;D:\Repository\org\skyscreamer\jsonassert\1.5.0\jsonassert-1.5.0.jar;D:\Repository\com\vaadin\external\google\android-json\0.0.20131108.vaadin1\android-json-0.0.20131108.vaadin1.jar;D:\Repository\org\springframework\spring-core\5.2.9.RELEASE\spring-core-5.2.9.RELEASE.jar;D:\Repository\org\springframework\spring-jcl\5.2.9.RELEASE\spring-jcl-5.2.9.RELEASE.jar;D:\Repository\org\springframework\spring-test\5.2.9.RELEASE\spring-test-5.2.9.RELEASE.jar;D:\Repository\org\xmlunit\xmlunit-core\2.7.0\xmlunit-core-2.7.0.jar;D:\Repository\com\atlassian\commonmark\commonmark\0.10.0\commonmark-0.10.0.jar;D:\Repository\com\atlassian\commonmark\commonmark-ext-heading-anchor\0.10.0\commonmark-ext-heading-anchor-0.10.0.jar;D:\Repository\com\atlassian\commonmark\commonmark-ext-gfm-tables\0.10.0\commonmark-ext-gfm-tables-0.10.0.jar;D:\Repository\com\github\pagehelper\pagehelper-spring-boot-starter\1.2.12\pagehelper-spring-boot-starter-1.2.12.jar;D:\Repository\com\github\pagehelper\pagehelper-spring-boot-autoconfigure\1.2.12\pagehelper-spring-boot-autoconfigure-1.2.12.jar;D:\Repository\com\github\pagehelper\pagehelper\5.1.10\pagehelper-5.1.10.jar;D:\Repository\com\github\jsqlparser\jsqlparser\2.0\jsqlparser-2.0.jar;D:\Repository\org\springframework\boot\spring-boot-starter-validation\2.3.4.RELEASE\spring-boot-starter-validation-2.3.4.RELEASE.jar;D:\Repository\org\glassfish\jakarta.el\3.0.3\jakarta.el-3.0.3.jar;D:\Repository\org\hibernate\validator\hibernate-validator\6.1.5.Final\hibernate-validator-6.1.5.Final.jar;D:\Repository\jakarta\validation\jakarta.validation-api\2.0.2\jakarta.validation-api-2.0.2.jar;D:\Repository\org\jboss\logging\jboss-logging\3.4.1.Final\jboss-logging-3.4.1.Final.jar;D:\Repository\com\fasterxml\classmate\1.5.1\classmate-1.5.1.jar;"/>
    <property name="sun.cpu.endian" value="little"/>
    <property name="user.home" value="C:\Users\mi"/>
    <property name="user.language" value="zh"/>
    <property name="java.specification.vendor" value="Oracle Corporation"/>
    <property name="java.home" value="C:\Users\mi\.jdks\corretto-1.8.0_372\jre"/>
    <property name="basedir" value="D:\课程文件\软件工程\OurBlog"/>
    <property name="file.separator" value="\"/>
    <property name="line.separator" value="&#10;"/>
    <property name="java.vm.specification.vendor" value="Oracle Corporation"/>
    <property name="java.specification.name" value="Java Platform API Specification"/>
    <property name="java.awt.graphicsenv" value="sun.awt.Win32GraphicsEnvironment"/>
    <property name="surefire.real.class.path" value="C:\Users\mi\AppData\Local\Temp\surefire2094320616622900429\surefirebooter7482736444223675231.jar"/>
    <property name="sun.boot.class.path" value="C:\Users\mi\.jdks\corretto-1.8.0_372\jre\lib\resources.jar;C:\Users\mi\.jdks\corretto-1.8.0_372\jre\lib\rt.jar;C:\Users\mi\.jdks\corretto-1.8.0_372\jre\lib\sunrsasign.jar;C:\Users\mi\.jdks\corretto-1.8.0_372\jre\lib\jsse.jar;C:\Users\mi\.jdks\corretto-1.8.0_372\jre\lib\jce.jar;C:\Users\mi\.jdks\corretto-1.8.0_372\jre\lib\charsets.jar;C:\Users\mi\.jdks\corretto-1.8.0_372\jre\lib\jfr.jar;C:\Users\mi\.jdks\corretto-1.8.0_372\jre\classes"/>
    <property name="user.script" value=""/>
    <property name="sun.management.compiler" value="HotSpot 64-Bit Tiered Compilers"/>
    <property name="java.runtime.version" value="1.8.0_372-b07"/>
    <property name="user.name" value="mi"/>
    <property name="path.separator" value=";"/>
    <property name="os.version" value="10.0"/>
    <property name="java.endorsed.dirs" value="C:\Users\mi\.jdks\corretto-1.8.0_372\jre\lib\endorsed"/>
    <property name="java.runtime.name" value="OpenJDK Runtime Environment"/>
    <property name="file.encoding" value="GBK"/>
    <property name="java.vm.name" value="OpenJDK 64-Bit Server VM"/>
    <property name="localRepository" value="D:\Repository"/>
    <property name="java.vendor.url.bug" value="https://github.com/corretto/corretto-8/issues/"/>
    <property name="java.io.tmpdir" value="C:\Users\mi\AppData\Local\Temp\"/>
    <property name="idea.version" value="2023.1"/>
    <property name="java.version" value="1.8.0_372"/>
    <property name="user.dir" value="D:\课程文件\软件工程\OurBlog"/>
    <property name="os.arch" value="amd64"/>
    <property name="java.vm.specification.name" value="Java Virtual Machine Specification"/>
    <property name="java.awt.printerjob" value="sun.awt.windows.WPrinterJob"/>
    <property name="sun.os.patch.level" value=""/>
    <property name="java.library.path" value="C:\Users\mi\.jdks\corretto-1.8.0_372\jre\bin;C:\WINDOWS\Sun\Java\bin;C:\WINDOWS\system32;C:\WINDOWS;D:\Anna\condabin;C:\Program Files\Common Files\Oracle\Java\javapath;C:\Windows\system32;C:\Windows;C:\Windows\System32\Wbem;C:\Windows\System32\WindowsPowerShell\v1.0\;C:\Windows\System32\OpenSSH\;C:\Program Files (x86)\NVIDIA Corporation\PhysX\Common;C:\Program Files\NVIDIA Corporation\NVIDIA NvDLISR;C:\WINDOWS\system32;C:\WINDOWS;C:\WINDOWS\System32\Wbem;C:\WINDOWS\System32\WindowsPowerShell\v1.0\;C:\WINDOWS\System32\OpenSSH\;D:\Anna;D:\Anna\Scripts;D:\Anna\Library\bin;C:\Program Files\mingw64\bin;D:\Rational Rose\common;C:\Program Files\MySQL\MySQL Server 8.0\bin;D:\GETH\;C:\Users\mi\AppData\Local\Pandoc\;C:\Users\mi\AppData\Local\Programs\MiKTeX\miktex\bin\x64\;D:\apache-maven-3.9.2\bin;C:\Program Files\dotnet\;C:\Users\mi\AppData\Roaming\Python\Python39\Scripts\;D:\Git\cmd;C:\Program Files\MySQL\MySQL Shell 8.0\bin\;C:\Users\mi\AppData\Local\Microsoft\WindowsApps;D:\PyCharm Community Edition 2023.1\bin;D:\IntelliJ IDEA Community Edition 2023.1\bin;D:\DataGrip 2023.1.1\bin;C:\Users\mi\AppData\Local\Pandoc\;C:\Users\mi\AppData\Local\Programs\MiKTeX\miktex\bin\x64\;C:\Users\mi\.dotnet\tools;D:\Microsoft VS Code\bin;."/>
    <property name="java.vm.info" value="mixed mode"/>
    <property name="java.vendor" value="Amazon.com Inc."/>
    <property name="java.vm.version" value="25.372-b07"/>
    <property name="java.specification.maintenance.version" value="4"/>
    <property name="java.ext.dirs" value="C:\Users\mi\.jdks\corretto-1.8.0_372\jre\lib\ext;C:\WINDOWS\Sun\Java\lib\ext"/>
    <property name="sun.io.unicode.encoding" value="UnicodeLittle"/>
    <property name="maven.repo.local" value="D:\Repository"/>
    <property name="java.class.version" value="52.0"/>
  </properties>
  <testcase name="contextLoads" classname="com.ldf.demo.DemoApplicationTests" time="0.281"/>
</testsuite>